<?xml version="1.0" encoding="UTF-8"?>
<testng-results skipped="0" failed="0" total="1" passed="1">
  <reporter-output>
  </reporter-output>
  <suite name="pack.NewTest" duration-ms="12128" started-at="2017-10-07T07:48:10Z" finished-at="2017-10-07T07:48:22Z">
    <groups>
    </groups>
    <test name="Command line test" duration-ms="12128" started-at="2017-10-07T07:48:10Z" finished-at="2017-10-07T07:48:22Z">
      <class name="pack.NewTest">
        <test-method status="PASS" signature="beforeTest()[pri:0, instance:pack.NewTest@735f7ae5]" name="beforeTest" is-config="true" duration-ms="3844" started-at="2017-10-07T13:18:10Z" finished-at="2017-10-07T13:18:14Z">
          <reporter-output>
          </reporter-output>
        </test-method> <!-- beforeTest -->
        <test-method status="PASS" signature="testEasy()[pri:0, instance:pack.NewTest@735f7ae5]" name="testEasy" duration-ms="6444" started-at="2017-10-07T13:18:14Z" finished-at="2017-10-07T13:18:20Z">
          <reporter-output>
          </reporter-output>
        </test-method> <!-- testEasy -->
        <test-method status="PASS" signature="afterTest()[pri:0, instance:pack.NewTest@735f7ae5]" name="afterTest" is-config="true" duration-ms="1820" started-at="2017-10-07T13:18:20Z" finished-at="2017-10-07T13:18:22Z">
          <reporter-output>
          </reporter-output>
        </test-method> <!-- afterTest -->
      </class> <!-- pack.NewTest -->
    </test> <!-- Command line test -->
  </suite> <!-- pack.NewTest -->
</testng-results>
