<?xml version="1.0" encoding="UTF-8"?>
<testng-results skipped="0" failed="0" total="1" passed="1">
  <reporter-output>
  </reporter-output>
  <suite name="Suite" duration-ms="10501" started-at="2017-10-07T02:24:24Z" finished-at="2017-10-07T02:24:35Z">
    <groups>
    </groups>
    <test name="Test" duration-ms="10501" started-at="2017-10-07T02:24:24Z" finished-at="2017-10-07T02:24:35Z">
      <class name="pack.NewTest">
        <test-method status="PASS" signature="beforeTest()[pri:0, instance:pack.NewTest@18be83e4]" name="beforeTest" is-config="true" duration-ms="3339" started-at="2017-10-07T07:54:24Z" finished-at="2017-10-07T07:54:28Z">
          <reporter-output>
          </reporter-output>
        </test-method> <!-- beforeTest -->
        <test-method status="PASS" signature="testEasy()[pri:0, instance:pack.NewTest@18be83e4]" name="testEasy" duration-ms="6115" started-at="2017-10-07T07:54:28Z" finished-at="2017-10-07T07:54:34Z">
          <reporter-output>
          </reporter-output>
        </test-method> <!-- testEasy -->
        <test-method status="PASS" signature="afterTest()[pri:0, instance:pack.NewTest@18be83e4]" name="afterTest" is-config="true" duration-ms="1029" started-at="2017-10-07T07:54:34Z" finished-at="2017-10-07T07:54:35Z">
          <reporter-output>
          </reporter-output>
        </test-method> <!-- afterTest -->
      </class> <!-- pack.NewTest -->
    </test> <!-- Test -->
  </suite> <!-- Suite -->
</testng-results>
